<?xml version="1.0" encoding="utf-8"?>
<TestRun id="f3763532-79ae-4299-9ac5-26624977cec9" name="Lenovo@DESKTOP-O857N91 2026-05-25 19:50:54" runUser="DESKTOP-O857N91\Lenovo" xmlns="http://microsoft.com/schemas/VisualStudio/TeamTest/2010">
  <Times creation="2026-05-25T19:50:54.1946470+03:00" queuing="2026-05-25T19:50:54.1946474+03:00" start="2026-05-25T19:50:53.4421460+03:00" finish="2026-05-25T19:50:55.6052442+03:00" />
  <TestSettings name="default" id="c8277c23-9c75-4e5a-bdc1-6eea171aab75">
    <Deployment runDeploymentRoot="Lenovo_DESKTOP-O857N91_2026-05-25_19_50_54" />
  </TestSettings>
  <Results>
    <UnitTestResult executionId="92c8bfb2-97b5-4a51-a43a-6f94a27b810b" testId="d7394b23-8272-992e-394a-e57491a83fdb" testName="Marketplace.Tests.DomainReviewEntitiesTests.CompanyReview_Create_Rejects_Empty_Comment" computerName="DESKTOP-O857N91" duration="00:00:00.0017703" startTime="2026-05-25T19:50:54.1730322+03:00" endTime="2026-05-25T19:50:54.1731990+03:00" testType="13cdc9d9-ddb5-4fa4-a97d-d965ccfc6d4b" outcome="Passed" testListId="8c84fa94-04c1-424b-9868-57a2d4851a1d" relativeResultsDirectory="92c8bfb2-97b5-4a51-a43a-6f94a27b810b" />
    <UnitTestResult executionId="35060ddd-5d07-4eb5-80de-7bf856a0010f" testId="31c35cbf-95b2-318f-0c1d-3bc20b0c915a" testName="Marketplace.Tests.ApplicationReviewHandlersTests.ModerateProductReview_Returns_Forbidden_Without_Moderation_Access" computerName="DESKTOP-O857N91" duration="00:00:00.0074780" startTime="2026-05-25T19:50:54.1730140+03:00" endTime="2026-05-25T19:50:54.1818241+03:00" testType="13cdc9d9-ddb5-4fa4-a97d-d965ccfc6d4b" outcome="Passed" testListId="8c84fa94-04c1-424b-9868-57a2d4851a1d" relativeResultsDirectory="35060ddd-5d07-4eb5-80de-7bf856a0010f" />
    <UnitTestResult executionId="4117bd61-244b-4ee5-8207-ca7c7ff74a23" testId="932436c5-54ed-28b4-cc2d-b826f7eda2d5" testName="Marketplace.Tests.SecurityRegressionTests.ReviewReplies_UpsertProductReply_Returns_Unauthorized_When_No_Sub_Claim" computerName="DESKTOP-O857N91" duration="00:00:00.0019610" startTime="2026-05-25T19:50:54.1836893+03:00" endTime="2026-05-25T19:50:54.1840187+03:00" testType="13cdc9d9-ddb5-4fa4-a97d-d965ccfc6d4b" outcome="Passed" testListId="8c84fa94-04c1-424b-9868-57a2d4851a1d" relativeResultsDirectory="4117bd61-244b-4ee5-8207-ca7c7ff74a23" />
    <UnitTestResult executionId="c52c1a4d-d0de-44c9-89d2-0faa404c80a7" testId="4a6c18f0-ed01-d987-995f-e91a3f3b6194" testName="Marketplace.Tests.ApiProductReviewsControllerTests.Create_Returns_Unauthorized_When_Sub_Missing" computerName="DESKTOP-O857N91" duration="00:00:00.0032748" startTime="2026-05-25T19:50:54.1839776+03:00" endTime="2026-05-25T19:50:54.1842557+03:00" testType="13cdc9d9-ddb5-4fa4-a97d-d965ccfc6d4b" outcome="Passed" testListId="8c84fa94-04c1-424b-9868-57a2d4851a1d" relativeResultsDirectory="c52c1a4d-d0de-44c9-89d2-0faa404c80a7" />
    <UnitTestResult executionId="3ed9c77f-55b8-4840-ac85-3b4480701545" testId="0665ac46-b94c-26d5-5d71-42afb82aa933" testName="Marketplace.Tests.ApplicationReviewAccessServiceTests.ReplyAsCompany_Allows_Admin_Without_Membership" computerName="DESKTOP-O857N91" duration="00:00:00.0004952" startTime="2026-05-25T19:50:54.1804802+03:00" endTime="2026-05-25T19:50:54.1815199+03:00" testType="13cdc9d9-ddb5-4fa4-a97d-d965ccfc6d4b" outcome="Passed" testListId="8c84fa94-04c1-424b-9868-57a2d4851a1d" relativeResultsDirectory="3ed9c77f-55b8-4840-ac85-3b4480701545" />
    <UnitTestResult executionId="2d077a1e-b0e9-4f2f-9eab-30a0a6f90535" testId="2221c750-331b-ca3c-d899-97d0a653b9cf" testName="Marketplace.Tests.ApiReviewRepliesControllerTests.UpsertProductReply_Returns_Unauthorized_When_Sub_Missing" computerName="DESKTOP-O857N91" duration="00:00:00.0020426" startTime="2026-05-25T19:50:54.1842299+03:00" endTime="2026-05-25T19:50:54.1852412+03:00" testType="13cdc9d9-ddb5-4fa4-a97d-d965ccfc6d4b" outcome="Passed" testListId="8c84fa94-04c1-424b-9868-57a2d4851a1d" relativeResultsDirectory="2d077a1e-b0e9-4f2f-9eab-30a0a6f90535" />
    <UnitTestResult executionId="8fb74371-6db3-414e-8fce-d8ac9d782d98" testId="e2c854ef-706d-f2b8-678d-08a2fce2376a" testName="Marketplace.Tests.ApiReviewRepliesControllerTests.UpsertProduct_And_Company_Send_Commands" computerName="DESKTOP-O857N91" duration="00:00:00.0250402" startTime="2026-05-25T19:50:54.1567552+03:00" endTime="2026-05-25T19:50:54.1841304+03:00" testType="13cdc9d9-ddb5-4fa4-a97d-d965ccfc6d4b" outcome="Passed" testListId="8c84fa94-04c1-424b-9868-57a2d4851a1d" relativeResultsDirectory="8fb74371-6db3-414e-8fce-d8ac9d782d98" />
    <UnitTestResult executionId="8a4d63d8-3d5d-4de7-95e5-b10d00c9123a" testId="aca86972-8ea9-2074-c84e-43930538146d" testName="Marketplace.Tests.IntegrationReviewsSqliteTests.ProductReview_Create_Then_List_Works_With_Real_Db" computerName="DESKTOP-O857N91" duration="00:00:00.0473609" startTime="2026-05-25T19:50:55.4918048+03:00" endTime="2026-05-25T19:50:55.5390097+03:00" testType="13cdc9d9-ddb5-4fa4-a97d-d965ccfc6d4b" outcome="Passed" testListId="8c84fa94-04c1-424b-9868-57a2d4851a1d" relativeResultsDirectory="8a4d63d8-3d5d-4de7-95e5-b10d00c9123a" />
    <UnitTestResult executionId="37fadc5b-b6a4-4c07-bb37-6a504dd3a788" testId="27a2f5f1-fcc6-dde9-64fa-6be37124be4b" testName="Marketplace.Tests.ApiAdminReviewsControllerTests.ModerateProduct_And_Company_Send_Commands" computerName="DESKTOP-O857N91" duration="00:00:00.0070025" startTime="2026-05-25T19:50:54.1837259+03:00" endTime="2026-05-25T19:50:54.1854127+03:00" testType="13cdc9d9-ddb5-4fa4-a97d-d965ccfc6d4b" outcome="Passed" testListId="8c84fa94-04c1-424b-9868-57a2d4851a1d" relativeResultsDirectory="37fadc5b-b6a4-4c07-bb37-6a504dd3a788" />
    <UnitTestResult executionId="0d07763d-249e-4022-ad0a-16a0467e14ed" testId="1fb943ed-b1f5-2ba9-7243-8d7e99226cdb" testName="Marketplace.Tests.ApplicationReviewPurchaseVerificationTests.VerifiedProductOrderId_Returns_Null_When_No_Eligible_Order" computerName="DESKTOP-O857N91" duration="00:00:00.0184637" startTime="2026-05-25T19:50:54.1545131+03:00" endTime="2026-05-25T19:50:54.1813048+03:00" testType="13cdc9d9-ddb5-4fa4-a97d-d965ccfc6d4b" outcome="Passed" testListId="8c84fa94-04c1-424b-9868-57a2d4851a1d" relativeResultsDirectory="0d07763d-249e-4022-ad0a-16a0467e14ed" />
    <UnitTestResult executionId="c3c381dd-093b-4b3a-9d39-426a7fcb9520" testId="9f8605bb-3c32-401d-5432-417458b0ddb7" testName="Marketplace.Tests.ApiProductReviewsControllerTests.Update_And_Delete_Send_Route_Scoped_Commands" computerName="DESKTOP-O857N91" duration="00:00:00.0086809" startTime="2026-05-25T19:50:54.1849785+03:00" endTime="2026-05-25T19:50:54.1863636+03:00" testType="13cdc9d9-ddb5-4fa4-a97d-d965ccfc6d4b" outcome="Passed" testListId="8c84fa94-04c1-424b-9868-57a2d4851a1d" relativeResultsDirectory="c3c381dd-093b-4b3a-9d39-426a7fcb9520" />
    <UnitTestResult executionId="0f7f824e-b1d3-42be-99ff-c307d20a74d3" testId="01de47b9-c3d4-b75e-c936-5e4c953f84f0" testName="Marketplace.Tests.SecurityRegressionTests.ProductReviews_Create_Returns_Unauthorized_When_No_Sub_Claim" computerName="DESKTOP-O857N91" duration="00:00:00.0028192" startTime="2026-05-25T19:50:54.1840954+03:00" endTime="2026-05-25T19:50:54.1851715+03:00" testType="13cdc9d9-ddb5-4fa4-a97d-d965ccfc6d4b" outcome="Passed" testListId="8c84fa94-04c1-424b-9868-57a2d4851a1d" relativeResultsDirectory="0f7f824e-b1d3-42be-99ff-c307d20a74d3" />
    <UnitTestResult executionId="aa8cb301-ce58-4ecf-9339-edb3d0a2dc61" testId="180dd862-fca8-3c3f-7f10-15b3306c80b9" testName="Marketplace.Tests.ApplicationReviewHandlersTests.UpsertProductReply_Returns_Forbidden_Without_Company_Access" computerName="DESKTOP-O857N91" duration="00:00:00.0050269" startTime="2026-05-25T19:50:54.1863176+03:00" endTime="2026-05-25T19:50:54.1864852+03:00" testType="13cdc9d9-ddb5-4fa4-a97d-d965ccfc6d4b" outcome="Passed" testListId="8c84fa94-04c1-424b-9868-57a2d4851a1d" relativeResultsDirectory="aa8cb301-ce58-4ecf-9339-edb3d0a2dc61" />
    <UnitTestResult executionId="df10fd16-cc9b-4047-ae56-5d1a20cb4a38" testId="a7bc240f-5bbe-c235-8aee-e3933a5479b9" testName="Marketplace.Tests.ApiAdminReviewsControllerTests.ModerateProduct_Returns_Unauthorized_When_Sub_Missing" computerName="DESKTOP-O857N91" duration="00:00:00.0222427" startTime="2026-05-25T19:50:54.1567281+03:00" endTime="2026-05-25T19:50:54.1819873+03:00" testType="13cdc9d9-ddb5-4fa4-a97d-d965ccfc6d4b" outcome="Passed" testListId="8c84fa94-04c1-424b-9868-57a2d4851a1d" relativeResultsDirectory="df10fd16-cc9b-4047-ae56-5d1a20cb4a38" />
    <UnitTestResult executionId="0f3453d3-7dbd-478e-87cf-37dd6640e23e" testId="8c8ecc58-aef6-5594-800e-de33228fc095" testName="Marketplace.Tests.ApiCompanyReviewsControllerTests.Create_Sends_Command" computerName="DESKTOP-O857N91" duration="00:00:00.0226888" startTime="2026-05-25T19:50:54.1547138+03:00" endTime="2026-05-25T19:50:54.1837644+03:00" testType="13cdc9d9-ddb5-4fa4-a97d-d965ccfc6d4b" outcome="Passed" testListId="8c84fa94-04c1-424b-9868-57a2d4851a1d" relativeResultsDirectory="0f3453d3-7dbd-478e-87cf-37dd6640e23e" />
    <UnitTestResult executionId="2bec953c-20e5-471a-9909-e4b5fc10bfc5" testId="373c9c7d-4338-327d-2bf5-4322d884b3aa" testName="Marketplace.Tests.ContractReviewDtoSnapshotTests.Contract_ReviewDto_Snapshot_Matches" computerName="DESKTOP-O857N91" duration="00:00:00.0208939" startTime="2026-05-25T19:50:54.1866649+03:00" endTime="2026-05-25T19:50:54.1961817+03:00" testType="13cdc9d9-ddb5-4fa4-a97d-d965ccfc6d4b" outcome="Passed" testListId="8c84fa94-04c1-424b-9868-57a2d4851a1d" relativeResultsDirectory="2bec953c-20e5-471a-9909-e4b5fc10bfc5" />
    <UnitTestResult executionId="7420dd94-8160-434d-89a5-d5f0ba0b543f" testId="63101ce7-7e15-319c-021d-420e203d0395" testName="Marketplace.Tests.DomainReviewEntitiesTests.ProductReview_Create_Rejects_Invalid_Rating" computerName="DESKTOP-O857N91" duration="00:00:00.0082663" startTime="2026-05-25T19:50:54.1547726+03:00" endTime="2026-05-25T19:50:54.1641020+03:00" testType="13cdc9d9-ddb5-4fa4-a97d-d965ccfc6d4b" outcome="Passed" testListId="8c84fa94-04c1-424b-9868-57a2d4851a1d" relativeResultsDirectory="7420dd94-8160-434d-89a5-d5f0ba0b543f" />
    <UnitTestResult executionId="d3abe5a9-4b28-4fb0-8df7-11fee99e146c" testId="7250634f-aec1-14fb-b2ee-0f9022194b8a" testName="Marketplace.Tests.ApplicationReviewPurchaseVerificationTests.VerifiedProductOrderId_Returns_Latest_Eligible_Order_With_Product_Item" computerName="DESKTOP-O857N91" duration="00:00:00.0124209" startTime="2026-05-25T19:50:54.1814765+03:00" endTime="2026-05-25T19:50:54.1854800+03:00" testType="13cdc9d9-ddb5-4fa4-a97d-d965ccfc6d4b" outcome="Passed" testListId="8c84fa94-04c1-424b-9868-57a2d4851a1d" relativeResultsDirectory="d3abe5a9-4b28-4fb0-8df7-11fee99e146c" />
    <UnitTestResult executionId="113eb2e8-cd26-4bb6-a574-ed4a415a5cb6" testId="3b7f64b1-b90b-fb57-5dce-48a9f711d96b" testName="Marketplace.Tests.ContractReviewDtoSnapshotTests.Contract_ReviewReplyDto_Snapshot_Matches" computerName="DESKTOP-O857N91" duration="00:00:00.0512131" startTime="2026-05-25T19:50:54.1546053+03:00" endTime="2026-05-25T19:50:54.1865857+03:00" testType="13cdc9d9-ddb5-4fa4-a97d-d965ccfc6d4b" outcome="Passed" testListId="8c84fa94-04c1-424b-9868-57a2d4851a1d" relativeResultsDirectory="113eb2e8-cd26-4bb6-a574-ed4a415a5cb6" />
    <UnitTestResult executionId="a2cfebff-bedc-4ef5-9169-1b25b6ef762a" testId="fce0c04b-e6fa-dfb2-5081-088f6c804d3f" testName="Marketplace.Tests.ApplicationReviewHandlersTests.UpdateOwnProductReview_Returns_NotFound_On_ProductRouteMismatch" computerName="DESKTOP-O857N91" duration="00:00:00.0023643" startTime="2026-05-25T19:50:54.1856475+03:00" endTime="2026-05-25T19:50:54.1856869+03:00" testType="13cdc9d9-ddb5-4fa4-a97d-d965ccfc6d4b" outcome="Passed" testListId="8c84fa94-04c1-424b-9868-57a2d4851a1d" relativeResultsDirectory="a2cfebff-bedc-4ef5-9169-1b25b6ef762a" />
    <UnitTestResult executionId="971f90ec-b2ad-4ab4-9c8d-c4ce363d8471" testId="15a64d44-7cfa-28c9-6435-b360d692f791" testName="Marketplace.Tests.PerformanceBaselineTests.Reviews_Cache_Key_Read_Baseline_Is_Within_Threshold" computerName="DESKTOP-O857N91" duration="00:00:00.0082571" startTime="2026-05-25T19:50:54.1566901+03:00" endTime="2026-05-25T19:50:54.1591966+03:00" testType="13cdc9d9-ddb5-4fa4-a97d-d965ccfc6d4b" outcome="Passed" testListId="8c84fa94-04c1-424b-9868-57a2d4851a1d" relativeResultsDirectory="971f90ec-b2ad-4ab4-9c8d-c4ce363d8471" />
    <UnitTestResult executionId="381aac43-d616-4ef5-9d77-7a8a3097bf68" testId="a7436fb8-624c-d20d-befd-4212f4403b82" testName="Marketplace.Tests.ApiProductReviewsControllerTests.List_Sends_Query" computerName="DESKTOP-O857N91" duration="00:00:00.0226373" startTime="2026-05-25T19:50:54.1567427+03:00" endTime="2026-05-25T19:50:54.1838855+03:00" testType="13cdc9d9-ddb5-4fa4-a97d-d965ccfc6d4b" outcome="Passed" testListId="8c84fa94-04c1-424b-9868-57a2d4851a1d" relativeResultsDirectory="381aac43-d616-4ef5-9d77-7a8a3097bf68" />
    <UnitTestResult executionId="ef0fc61c-e604-4866-8a17-ed43e7dc90ca" testId="22f49eb3-02ce-b5ee-89a2-47ca16e27d56" testName="Marketplace.Tests.ApiCompanyReviewsControllerTests.Update_And_Delete_Send_Route_Scoped_Commands" computerName="DESKTOP-O857N91" duration="00:00:00.0093349" startTime="2026-05-25T19:50:54.1851311+03:00" endTime="2026-05-25T19:50:54.1864301+03:00" testType="13cdc9d9-ddb5-4fa4-a97d-d965ccfc6d4b" outcome="Passed" testListId="8c84fa94-04c1-424b-9868-57a2d4851a1d" relativeResultsDirectory="ef0fc61c-e604-4866-8a17-ed43e7dc90ca" />
    <UnitTestResult executionId="9728a88f-84ca-46a9-9b36-2bb9dc5e8922" testId="9b6c80f5-a6c1-a49a-a67d-83c6abde173a" testName="Marketplace.Tests.ApplicationReviewHandlersTests.UpdateOwnCompanyReview_Returns_NotFound_On_CompanyRouteMismatch" computerName="DESKTOP-O857N91" duration="00:00:00.0030431" startTime="2026-05-25T19:50:54.1853779+03:00" endTime="2026-05-25T19:50:54.1855505+03:00" testType="13cdc9d9-ddb5-4fa4-a97d-d965ccfc6d4b" outcome="Passed" testListId="8c84fa94-04c1-424b-9868-57a2d4851a1d" relativeResultsDirectory="9728a88f-84ca-46a9-9b36-2bb9dc5e8922" />
    <UnitTestResult executionId="8d8d2969-83fb-40ca-a6c9-66fb296640e8" testId="71a3ecec-45b2-af19-2427-348c67ecc58c" testName="Marketplace.Tests.IntegrationReviewsSqliteTests.ProductReview_Delete_Allows_Recreate_And_Moderation_Hides_From_List" computerName="DESKTOP-O857N91" duration="00:00:01.3674962" startTime="2026-05-25T19:50:54.1546779+03:00" endTime="2026-05-25T19:50:55.4915431+03:00" testType="13cdc9d9-ddb5-4fa4-a97d-d965ccfc6d4b" outcome="Passed" testListId="8c84fa94-04c1-424b-9868-57a2d4851a1d" relativeResultsDirectory="8d8d2969-83fb-40ca-a6c9-66fb296640e8" />
    <UnitTestResult executionId="be639e2d-2b8c-4127-baaf-b748c7d5fcaa" testId="62e59888-2c0f-d09b-0112-5ba03e2a9b76" testName="Marketplace.Tests.ApplicationReviewHandlersTests.DeleteOwnProductReview_Returns_NotFound_On_ProductRouteMismatch" computerName="DESKTOP-O857N91" duration="00:00:00.0130871" startTime="2026-05-25T19:50:54.1547407+03:00" endTime="2026-05-25T19:50:54.1718883+03:00" testType="13cdc9d9-ddb5-4fa4-a97d-d965ccfc6d4b" outcome="Passed" testListId="8c84fa94-04c1-424b-9868-57a2d4851a1d" relativeResultsDirectory="be639e2d-2b8c-4127-baaf-b748c7d5fcaa" />
    <UnitTestResult executionId="d2ff2588-98b0-4a03-b8a1-63e2557e6344" testId="9d0f9c68-9959-bb69-5cf5-2d3e3a219615" testName="Marketplace.Tests.ApiCompanyReviewsControllerTests.List_Sends_Query" computerName="DESKTOP-O857N91" duration="00:00:00.0040237" startTime="2026-05-25T19:50:54.1838580+03:00" endTime="2026-05-25T19:50:54.1850316+03:00" testType="13cdc9d9-ddb5-4fa4-a97d-d965ccfc6d4b" outcome="Passed" testListId="8c84fa94-04c1-424b-9868-57a2d4851a1d" relativeResultsDirectory="d2ff2588-98b0-4a03-b8a1-63e2557e6344" />
    <UnitTestResult executionId="cba4a847-c6bb-4606-8619-93273c18a986" testId="357998ff-943f-31c7-2ef5-612fc3e17896" testName="Marketplace.Tests.DomainReviewEntitiesTests.ProductReview_Create_Requires_VerifiedPurchase" computerName="DESKTOP-O857N91" duration="00:00:00.0009627" startTime="2026-05-25T19:50:54.1817052+03:00" endTime="2026-05-25T19:50:54.1817474+03:00" testType="13cdc9d9-ddb5-4fa4-a97d-d965ccfc6d4b" outcome="Passed" testListId="8c84fa94-04c1-424b-9868-57a2d4851a1d" relativeResultsDirectory="cba4a847-c6bb-4606-8619-93273c18a986" />
    <UnitTestResult executionId="3896a895-a728-4985-95d5-0ef79adccdd4" testId="ba92e3d0-fb4c-a205-741a-178b7d4c0391" testName="Marketplace.Tests.ApplicationReviewAccessServiceTests.ReplyAsCompany_Denies_When_No_Membership" computerName="DESKTOP-O857N91" duration="00:00:00.0027575" startTime="2026-05-25T19:50:54.1731667+03:00" endTime="2026-05-25T19:50:54.1744383+03:00" testType="13cdc9d9-ddb5-4fa4-a97d-d965ccfc6d4b" outcome="Passed" testListId="8c84fa94-04c1-424b-9868-57a2d4851a1d" relativeResultsDirectory="3896a895-a728-4985-95d5-0ef79adccdd4" />
    <UnitTestResult executionId="2f0bb3c6-f385-42c0-af92-f16b8c005888" testId="92ac8ac8-ba6e-a0cd-a484-55f4186a68d6" testName="Marketplace.Tests.ApplicationReviewAccessServiceTests.ReplyAsCompany_Denies_Support_And_Logistics" computerName="DESKTOP-O857N91" duration="00:00:00.0019166" startTime="2026-05-25T19:50:54.1745866+03:00" endTime="2026-05-25T19:50:54.1746208+03:00" testType="13cdc9d9-ddb5-4fa4-a97d-d965ccfc6d4b" outcome="Passed" testListId="8c84fa94-04c1-424b-9868-57a2d4851a1d" relativeResultsDirectory="2f0bb3c6-f385-42c0-af92-f16b8c005888" />
    <UnitTestResult executionId="beb0e1c2-bd74-4e81-b7c9-63b11f71273a" testId="638e3e91-d3c4-0f7e-5607-4f00e66a7746" testName="Marketplace.Tests.ApplicationReviewAccessServiceTests.ReplyAsCompany_Allows_Owner_Manager_Seller" computerName="DESKTOP-O857N91" duration="00:00:00.0084192" startTime="2026-05-25T19:50:54.1547606+03:00" endTime="2026-05-25T19:50:54.1641968+03:00" testType="13cdc9d9-ddb5-4fa4-a97d-d965ccfc6d4b" outcome="Passed" testListId="8c84fa94-04c1-424b-9868-57a2d4851a1d" relativeResultsDirectory="beb0e1c2-bd74-4e81-b7c9-63b11f71273a" />
    <UnitTestResult executionId="589099ee-7e4d-46f4-8bae-c97524413ad0" testId="3c3903dc-5950-6b5a-a07e-a72ef649c200" testName="Marketplace.Tests.DomainReviewEntitiesTests.ReviewReply_UpdateBody_Sets_IsEdited" computerName="DESKTOP-O857N91" duration="00:00:00.0043224" startTime="2026-05-25T19:50:54.1733127+03:00" endTime="2026-05-25T19:50:54.1816190+03:00" testType="13cdc9d9-ddb5-4fa4-a97d-d965ccfc6d4b" outcome="Passed" testListId="8c84fa94-04c1-424b-9868-57a2d4851a1d" relativeResultsDirectory="589099ee-7e4d-46f4-8bae-c97524413ad0" />
    <UnitTestResult executionId="7c5eb915-39ee-4e52-8b33-ac1d5a24b0ca" testId="4c36f3be-e48f-80a9-b0e0-f183ea4e69ff" testName="Marketplace.Tests.ApplicationReviewHandlersTests.DeleteOwnCompanyReview_Returns_NotFound_On_CompanyRouteMismatch" computerName="DESKTOP-O857N91" duration="00:00:00.0073648" startTime="2026-05-25T19:50:54.1819098+03:00" endTime="2026-05-25T19:50:54.1853043+03:00" testType="13cdc9d9-ddb5-4fa4-a97d-d965ccfc6d4b" outcome="Passed" testListId="8c84fa94-04c1-424b-9868-57a2d4851a1d" relativeResultsDirectory="7c5eb915-39ee-4e52-8b33-ac1d5a24b0ca" />
    <UnitTestResult executionId="fa152e3d-60fe-4908-97d2-77f228553da1" testId="3bb6c028-15ed-aaab-9bae-7ab7fe3c7311" testName="Marketplace.Tests.SecurityRegressionTests.AdminReviews_ModerateProduct_Returns_Unauthorized_When_No_Sub_Claim" computerName="DESKTOP-O857N91" duration="00:00:00.0245119" startTime="2026-05-25T19:50:54.1514441+03:00" endTime="2026-05-25T19:50:54.1819484+03:00" testType="13cdc9d9-ddb5-4fa4-a97d-d965ccfc6d4b" outcome="Passed" testListId="8c84fa94-04c1-424b-9868-57a2d4851a1d" relativeResultsDirectory="fa152e3d-60fe-4908-97d2-77f228553da1" />
    <UnitTestResult executionId="6e508a18-478d-412b-a034-194cef9991bd" testId="9ed8f7c6-2cb8-be81-3f63-523e82d695c8" testName="Marketplace.Tests.ContractApiRoutesSnapshotTests.Contract_Routes_Snapshot_Matches_Critical_Endpoints" computerName="DESKTOP-O857N91" duration="00:00:00.0483595" startTime="2026-05-25T19:50:54.1546438+03:00" endTime="2026-05-25T19:50:54.1865381+03:00" testType="13cdc9d9-ddb5-4fa4-a97d-d965ccfc6d4b" outcome="Passed" testListId="8c84fa94-04c1-424b-9868-57a2d4851a1d" relativeResultsDirectory="6e508a18-478d-412b-a034-194cef9991bd" />
  </Results>
  <TestDefinitions>
    <UnitTest name="Marketplace.Tests.ApplicationReviewPurchaseVerificationTests.VerifiedProductOrderId_Returns_Null_When_No_Eligible_Order" storage="c:\programing\projects\marketplace\backend\tests\marketplace.tests\bin\release\net10.0\marketplace.tests.dll" id="1fb943ed-b1f5-2ba9-7243-8d7e99226cdb">
      <Execution id="0d07763d-249e-4022-ad0a-16a0467e14ed" />
      <TestMethod codeBase="C:\Programing\Projects\Marketplace\backend\tests\Marketplace.Tests\bin\Release\net10.0\Marketplace.Tests.dll" adapterTypeName="executor://xunit/VsTestRunner3/netcore/" className="Marketplace.Tests.ApplicationReviewPurchaseVerificationTests" name="VerifiedProductOrderId_Returns_Null_When_No_Eligible_Order" />
    </UnitTest>
    <UnitTest name="Marketplace.Tests.ApiCompanyReviewsControllerTests.List_Sends_Query" storage="c:\programing\projects\marketplace\backend\tests\marketplace.tests\bin\release\net10.0\marketplace.tests.dll" id="9d0f9c68-9959-bb69-5cf5-2d3e3a219615">
      <Execution id="d2ff2588-98b0-4a03-b8a1-63e2557e6344" />
      <TestMethod codeBase="C:\Programing\Projects\Marketplace\backend\tests\Marketplace.Tests\bin\Release\net10.0\Marketplace.Tests.dll" adapterTypeName="executor://xunit/VsTestRunner3/netcore/" className="Marketplace.Tests.ApiCompanyReviewsControllerTests" name="List_Sends_Query" />
    </UnitTest>
    <UnitTest name="Marketplace.Tests.DomainReviewEntitiesTests.ProductReview_Create_Requires_VerifiedPurchase" storage="c:\programing\projects\marketplace\backend\tests\marketplace.tests\bin\release\net10.0\marketplace.tests.dll" id="357998ff-943f-31c7-2ef5-612fc3e17896">
      <Execution id="cba4a847-c6bb-4606-8619-93273c18a986" />
      <TestMethod codeBase="C:\Programing\Projects\Marketplace\backend\tests\Marketplace.Tests\bin\Release\net10.0\Marketplace.Tests.dll" adapterTypeName="executor://xunit/VsTestRunner3/netcore/" className="Marketplace.Tests.DomainReviewEntitiesTests" name="ProductReview_Create_Requires_VerifiedPurchase" />
    </UnitTest>
    <UnitTest name="Marketplace.Tests.IntegrationReviewsSqliteTests.ProductReview_Delete_Allows_Recreate_And_Moderation_Hides_From_List" storage="c:\programing\projects\marketplace\backend\tests\marketplace.tests\bin\release\net10.0\marketplace.tests.dll" id="71a3ecec-45b2-af19-2427-348c67ecc58c">
      <Execution id="8d8d2969-83fb-40ca-a6c9-66fb296640e8" />
      <TestMethod codeBase="C:\Programing\Projects\Marketplace\backend\tests\Marketplace.Tests\bin\Release\net10.0\Marketplace.Tests.dll" adapterTypeName="executor://xunit/VsTestRunner3/netcore/" className="Marketplace.Tests.IntegrationReviewsSqliteTests" name="ProductReview_Delete_Allows_Recreate_And_Moderation_Hides_From_List" />
    </UnitTest>
    <UnitTest name="Marketplace.Tests.SecurityRegressionTests.ProductReviews_Create_Returns_Unauthorized_When_No_Sub_Claim" storage="c:\programing\projects\marketplace\backend\tests\marketplace.tests\bin\release\net10.0\marketplace.tests.dll" id="01de47b9-c3d4-b75e-c936-5e4c953f84f0">
      <Execution id="0f7f824e-b1d3-42be-99ff-c307d20a74d3" />
      <TestMethod codeBase="C:\Programing\Projects\Marketplace\backend\tests\Marketplace.Tests\bin\Release\net10.0\Marketplace.Tests.dll" adapterTypeName="executor://xunit/VsTestRunner3/netcore/" className="Marketplace.Tests.SecurityRegressionTests" name="ProductReviews_Create_Returns_Unauthorized_When_No_Sub_Claim" />
    </UnitTest>
    <UnitTest name="Marketplace.Tests.ApiAdminReviewsControllerTests.ModerateProduct_And_Company_Send_Commands" storage="c:\programing\projects\marketplace\backend\tests\marketplace.tests\bin\release\net10.0\marketplace.tests.dll" id="27a2f5f1-fcc6-dde9-64fa-6be37124be4b">
      <Execution id="37fadc5b-b6a4-4c07-bb37-6a504dd3a788" />
      <TestMethod codeBase="C:\Programing\Projects\Marketplace\backend\tests\Marketplace.Tests\bin\Release\net10.0\Marketplace.Tests.dll" adapterTypeName="executor://xunit/VsTestRunner3/netcore/" className="Marketplace.Tests.ApiAdminReviewsControllerTests" name="ModerateProduct_And_Company_Send_Commands" />
    </UnitTest>
    <UnitTest name="Marketplace.Tests.ApplicationReviewHandlersTests.UpdateOwnProductReview_Returns_NotFound_On_ProductRouteMismatch" storage="c:\programing\projects\marketplace\backend\tests\marketplace.tests\bin\release\net10.0\marketplace.tests.dll" id="fce0c04b-e6fa-dfb2-5081-088f6c804d3f">
      <Execution id="a2cfebff-bedc-4ef5-9169-1b25b6ef762a" />
      <TestMethod codeBase="C:\Programing\Projects\Marketplace\backend\tests\Marketplace.Tests\bin\Release\net10.0\Marketplace.Tests.dll" adapterTypeName="executor://xunit/VsTestRunner3/netcore/" className="Marketplace.Tests.ApplicationReviewHandlersTests" name="UpdateOwnProductReview_Returns_NotFound_On_ProductRouteMismatch" />
    </UnitTest>
    <UnitTest name="Marketplace.Tests.DomainReviewEntitiesTests.ReviewReply_UpdateBody_Sets_IsEdited" storage="c:\programing\projects\marketplace\backend\tests\marketplace.tests\bin\release\net10.0\marketplace.tests.dll" id="3c3903dc-5950-6b5a-a07e-a72ef649c200">
      <Execution id="589099ee-7e4d-46f4-8bae-c97524413ad0" />
      <TestMethod codeBase="C:\Programing\Projects\Marketplace\backend\tests\Marketplace.Tests\bin\Release\net10.0\Marketplace.Tests.dll" adapterTypeName="executor://xunit/VsTestRunner3/netcore/" className="Marketplace.Tests.DomainReviewEntitiesTests" name="ReviewReply_UpdateBody_Sets_IsEdited" />
    </UnitTest>
    <UnitTest name="Marketplace.Tests.ApiProductReviewsControllerTests.Update_And_Delete_Send_Route_Scoped_Commands" storage="c:\programing\projects\marketplace\backend\tests\marketplace.tests\bin\release\net10.0\marketplace.tests.dll" id="9f8605bb-3c32-401d-5432-417458b0ddb7">
      <Execution id="c3c381dd-093b-4b3a-9d39-426a7fcb9520" />
      <TestMethod codeBase="C:\Programing\Projects\Marketplace\backend\tests\Marketplace.Tests\bin\Release\net10.0\Marketplace.Tests.dll" adapterTypeName="executor://xunit/VsTestRunner3/netcore/" className="Marketplace.Tests.ApiProductReviewsControllerTests" name="Update_And_Delete_Send_Route_Scoped_Commands" />
    </UnitTest>
    <UnitTest name="Marketplace.Tests.DomainReviewEntitiesTests.ProductReview_Create_Rejects_Invalid_Rating" storage="c:\programing\projects\marketplace\backend\tests\marketplace.tests\bin\release\net10.0\marketplace.tests.dll" id="63101ce7-7e15-319c-021d-420e203d0395">
      <Execution id="7420dd94-8160-434d-89a5-d5f0ba0b543f" />
      <TestMethod codeBase="C:\Programing\Projects\Marketplace\backend\tests\Marketplace.Tests\bin\Release\net10.0\Marketplace.Tests.dll" adapterTypeName="executor://xunit/VsTestRunner3/netcore/" className="Marketplace.Tests.DomainReviewEntitiesTests" name="ProductReview_Create_Rejects_Invalid_Rating" />
    </UnitTest>
    <UnitTest name="Marketplace.Tests.ApiCompanyReviewsControllerTests.Update_And_Delete_Send_Route_Scoped_Commands" storage="c:\programing\projects\marketplace\backend\tests\marketplace.tests\bin\release\net10.0\marketplace.tests.dll" id="22f49eb3-02ce-b5ee-89a2-47ca16e27d56">
      <Execution id="ef0fc61c-e604-4866-8a17-ed43e7dc90ca" />
      <TestMethod codeBase="C:\Programing\Projects\Marketplace\backend\tests\Marketplace.Tests\bin\Release\net10.0\Marketplace.Tests.dll" adapterTypeName="executor://xunit/VsTestRunner3/netcore/" className="Marketplace.Tests.ApiCompanyReviewsControllerTests" name="Update_And_Delete_Send_Route_Scoped_Commands" />
    </UnitTest>
    <UnitTest name="Marketplace.Tests.ApiCompanyReviewsControllerTests.Create_Sends_Command" storage="c:\programing\projects\marketplace\backend\tests\marketplace.tests\bin\release\net10.0\marketplace.tests.dll" id="8c8ecc58-aef6-5594-800e-de33228fc095">
      <Execution id="0f3453d3-7dbd-478e-87cf-37dd6640e23e" />
      <TestMethod codeBase="C:\Programing\Projects\Marketplace\backend\tests\Marketplace.Tests\bin\Release\net10.0\Marketplace.Tests.dll" adapterTypeName="executor://xunit/VsTestRunner3/netcore/" className="Marketplace.Tests.ApiCompanyReviewsControllerTests" name="Create_Sends_Command" />
    </UnitTest>
    <UnitTest name="Marketplace.Tests.DomainReviewEntitiesTests.CompanyReview_Create_Rejects_Empty_Comment" storage="c:\programing\projects\marketplace\backend\tests\marketplace.tests\bin\release\net10.0\marketplace.tests.dll" id="d7394b23-8272-992e-394a-e57491a83fdb">
      <Execution id="92c8bfb2-97b5-4a51-a43a-6f94a27b810b" />
      <TestMethod codeBase="C:\Programing\Projects\Marketplace\backend\tests\Marketplace.Tests\bin\Release\net10.0\Marketplace.Tests.dll" adapterTypeName="executor://xunit/VsTestRunner3/netcore/" className="Marketplace.Tests.DomainReviewEntitiesTests" name="CompanyReview_Create_Rejects_Empty_Comment" />
    </UnitTest>
    <UnitTest name="Marketplace.Tests.IntegrationReviewsSqliteTests.ProductReview_Create_Then_List_Works_With_Real_Db" storage="c:\programing\projects\marketplace\backend\tests\marketplace.tests\bin\release\net10.0\marketplace.tests.dll" id="aca86972-8ea9-2074-c84e-43930538146d">
      <Execution id="8a4d63d8-3d5d-4de7-95e5-b10d00c9123a" />
      <TestMethod codeBase="C:\Programing\Projects\Marketplace\backend\tests\Marketplace.Tests\bin\Release\net10.0\Marketplace.Tests.dll" adapterTypeName="executor://xunit/VsTestRunner3/netcore/" className="Marketplace.Tests.IntegrationReviewsSqliteTests" name="ProductReview_Create_Then_List_Works_With_Real_Db" />
    </UnitTest>
    <UnitTest name="Marketplace.Tests.ApplicationReviewHandlersTests.UpsertProductReply_Returns_Forbidden_Without_Company_Access" storage="c:\programing\projects\marketplace\backend\tests\marketplace.tests\bin\release\net10.0\marketplace.tests.dll" id="180dd862-fca8-3c3f-7f10-15b3306c80b9">
      <Execution id="aa8cb301-ce58-4ecf-9339-edb3d0a2dc61" />
      <TestMethod codeBase="C:\Programing\Projects\Marketplace\backend\tests\Marketplace.Tests\bin\Release\net10.0\Marketplace.Tests.dll" adapterTypeName="executor://xunit/VsTestRunner3/netcore/" className="Marketplace.Tests.ApplicationReviewHandlersTests" name="UpsertProductReply_Returns_Forbidden_Without_Company_Access" />
    </UnitTest>
    <UnitTest name="Marketplace.Tests.ApplicationReviewHandlersTests.DeleteOwnCompanyReview_Returns_NotFound_On_CompanyRouteMismatch" storage="c:\programing\projects\marketplace\backend\tests\marketplace.tests\bin\release\net10.0\marketplace.tests.dll" id="4c36f3be-e48f-80a9-b0e0-f183ea4e69ff">
      <Execution id="7c5eb915-39ee-4e52-8b33-ac1d5a24b0ca" />
      <TestMethod codeBase="C:\Programing\Projects\Marketplace\backend\tests\Marketplace.Tests\bin\Release\net10.0\Marketplace.Tests.dll" adapterTypeName="executor://xunit/VsTestRunner3/netcore/" className="Marketplace.Tests.ApplicationReviewHandlersTests" name="DeleteOwnCompanyReview_Returns_NotFound_On_CompanyRouteMismatch" />
    </UnitTest>
    <UnitTest name="Marketplace.Tests.SecurityRegressionTests.ReviewReplies_UpsertProductReply_Returns_Unauthorized_When_No_Sub_Claim" storage="c:\programing\projects\marketplace\backend\tests\marketplace.tests\bin\release\net10.0\marketplace.tests.dll" id="932436c5-54ed-28b4-cc2d-b826f7eda2d5">
      <Execution id="4117bd61-244b-4ee5-8207-ca7c7ff74a23" />
      <TestMethod codeBase="C:\Programing\Projects\Marketplace\backend\tests\Marketplace.Tests\bin\Release\net10.0\Marketplace.Tests.dll" adapterTypeName="executor://xunit/VsTestRunner3/netcore/" className="Marketplace.Tests.SecurityRegressionTests" name="ReviewReplies_UpsertProductReply_Returns_Unauthorized_When_No_Sub_Claim" />
    </UnitTest>
    <UnitTest name="Marketplace.Tests.ApplicationReviewHandlersTests.DeleteOwnProductReview_Returns_NotFound_On_ProductRouteMismatch" storage="c:\programing\projects\marketplace\backend\tests\marketplace.tests\bin\release\net10.0\marketplace.tests.dll" id="62e59888-2c0f-d09b-0112-5ba03e2a9b76">
      <Execution id="be639e2d-2b8c-4127-baaf-b748c7d5fcaa" />
      <TestMethod codeBase="C:\Programing\Projects\Marketplace\backend\tests\Marketplace.Tests\bin\Release\net10.0\Marketplace.Tests.dll" adapterTypeName="executor://xunit/VsTestRunner3/netcore/" className="Marketplace.Tests.ApplicationReviewHandlersTests" name="DeleteOwnProductReview_Returns_NotFound_On_ProductRouteMismatch" />
    </UnitTest>
    <UnitTest name="Marketplace.Tests.PerformanceBaselineTests.Reviews_Cache_Key_Read_Baseline_Is_Within_Threshold" storage="c:\programing\projects\marketplace\backend\tests\marketplace.tests\bin\release\net10.0\marketplace.tests.dll" id="15a64d44-7cfa-28c9-6435-b360d692f791">
      <Execution id="971f90ec-b2ad-4ab4-9c8d-c4ce363d8471" />
      <TestMethod codeBase="C:\Programing\Projects\Marketplace\backend\tests\Marketplace.Tests\bin\Release\net10.0\Marketplace.Tests.dll" adapterTypeName="executor://xunit/VsTestRunner3/netcore/" className="Marketplace.Tests.PerformanceBaselineTests" name="Reviews_Cache_Key_Read_Baseline_Is_Within_Threshold" />
    </UnitTest>
    <UnitTest name="Marketplace.Tests.ApiProductReviewsControllerTests.List_Sends_Query" storage="c:\programing\projects\marketplace\backend\tests\marketplace.tests\bin\release\net10.0\marketplace.tests.dll" id="a7436fb8-624c-d20d-befd-4212f4403b82">
      <Execution id="381aac43-d616-4ef5-9d77-7a8a3097bf68" />
      <TestMethod codeBase="C:\Programing\Projects\Marketplace\backend\tests\Marketplace.Tests\bin\Release\net10.0\Marketplace.Tests.dll" adapterTypeName="executor://xunit/VsTestRunner3/netcore/" className="Marketplace.Tests.ApiProductReviewsControllerTests" name="List_Sends_Query" />
    </UnitTest>
    <UnitTest name="Marketplace.Tests.ApiReviewRepliesControllerTests.UpsertProduct_And_Company_Send_Commands" storage="c:\programing\projects\marketplace\backend\tests\marketplace.tests\bin\release\net10.0\marketplace.tests.dll" id="e2c854ef-706d-f2b8-678d-08a2fce2376a">
      <Execution id="8fb74371-6db3-414e-8fce-d8ac9d782d98" />
      <TestMethod codeBase="C:\Programing\Projects\Marketplace\backend\tests\Marketplace.Tests\bin\Release\net10.0\Marketplace.Tests.dll" adapterTypeName="executor://xunit/VsTestRunner3/netcore/" className="Marketplace.Tests.ApiReviewRepliesControllerTests" name="UpsertProduct_And_Company_Send_Commands" />
    </UnitTest>
    <UnitTest name="Marketplace.Tests.ApiProductReviewsControllerTests.Create_Returns_Unauthorized_When_Sub_Missing" storage="c:\programing\projects\marketplace\backend\tests\marketplace.tests\bin\release\net10.0\marketplace.tests.dll" id="4a6c18f0-ed01-d987-995f-e91a3f3b6194">
      <Execution id="c52c1a4d-d0de-44c9-89d2-0faa404c80a7" />
      <TestMethod codeBase="C:\Programing\Projects\Marketplace\backend\tests\Marketplace.Tests\bin\Release\net10.0\Marketplace.Tests.dll" adapterTypeName="executor://xunit/VsTestRunner3/netcore/" className="Marketplace.Tests.ApiProductReviewsControllerTests" name="Create_Returns_Unauthorized_When_Sub_Missing" />
    </UnitTest>
    <UnitTest name="Marketplace.Tests.ApiReviewRepliesControllerTests.UpsertProductReply_Returns_Unauthorized_When_Sub_Missing" storage="c:\programing\projects\marketplace\backend\tests\marketplace.tests\bin\release\net10.0\marketplace.tests.dll" id="2221c750-331b-ca3c-d899-97d0a653b9cf">
      <Execution id="2d077a1e-b0e9-4f2f-9eab-30a0a6f90535" />
      <TestMethod codeBase="C:\Programing\Projects\Marketplace\backend\tests\Marketplace.Tests\bin\Release\net10.0\Marketplace.Tests.dll" adapterTypeName="executor://xunit/VsTestRunner3/netcore/" className="Marketplace.Tests.ApiReviewRepliesControllerTests" name="UpsertProductReply_Returns_Unauthorized_When_Sub_Missing" />
    </UnitTest>
    <UnitTest name="Marketplace.Tests.ContractReviewDtoSnapshotTests.Contract_ReviewReplyDto_Snapshot_Matches" storage="c:\programing\projects\marketplace\backend\tests\marketplace.tests\bin\release\net10.0\marketplace.tests.dll" id="3b7f64b1-b90b-fb57-5dce-48a9f711d96b">
      <Execution id="113eb2e8-cd26-4bb6-a574-ed4a415a5cb6" />
      <TestMethod codeBase="C:\Programing\Projects\Marketplace\backend\tests\Marketplace.Tests\bin\Release\net10.0\Marketplace.Tests.dll" adapterTypeName="executor://xunit/VsTestRunner3/netcore/" className="Marketplace.Tests.ContractReviewDtoSnapshotTests" name="Contract_ReviewReplyDto_Snapshot_Matches" />
    </UnitTest>
    <UnitTest name="Marketplace.Tests.ApplicationReviewHandlersTests.UpdateOwnCompanyReview_Returns_NotFound_On_CompanyRouteMismatch" storage="c:\programing\projects\marketplace\backend\tests\marketplace.tests\bin\release\net10.0\marketplace.tests.dll" id="9b6c80f5-a6c1-a49a-a67d-83c6abde173a">
      <Execution id="9728a88f-84ca-46a9-9b36-2bb9dc5e8922" />
      <TestMethod codeBase="C:\Programing\Projects\Marketplace\backend\tests\Marketplace.Tests\bin\Release\net10.0\Marketplace.Tests.dll" adapterTypeName="executor://xunit/VsTestRunner3/netcore/" className="Marketplace.Tests.ApplicationReviewHandlersTests" name="UpdateOwnCompanyReview_Returns_NotFound_On_CompanyRouteMismatch" />
    </UnitTest>
    <UnitTest name="Marketplace.Tests.ApplicationReviewAccessServiceTests.ReplyAsCompany_Allows_Admin_Without_Membership" storage="c:\programing\projects\marketplace\backend\tests\marketplace.tests\bin\release\net10.0\marketplace.tests.dll" id="0665ac46-b94c-26d5-5d71-42afb82aa933">
      <Execution id="3ed9c77f-55b8-4840-ac85-3b4480701545" />
      <TestMethod codeBase="C:\Programing\Projects\Marketplace\backend\tests\Marketplace.Tests\bin\Release\net10.0\Marketplace.Tests.dll" adapterTypeName="executor://xunit/VsTestRunner3/netcore/" className="Marketplace.Tests.ApplicationReviewAccessServiceTests" name="ReplyAsCompany_Allows_Admin_Without_Membership" />
    </UnitTest>
    <UnitTest name="Marketplace.Tests.ApplicationReviewPurchaseVerificationTests.VerifiedProductOrderId_Returns_Latest_Eligible_Order_With_Product_Item" storage="c:\programing\projects\marketplace\backend\tests\marketplace.tests\bin\release\net10.0\marketplace.tests.dll" id="7250634f-aec1-14fb-b2ee-0f9022194b8a">
      <Execution id="d3abe5a9-4b28-4fb0-8df7-11fee99e146c" />
      <TestMethod codeBase="C:\Programing\Projects\Marketplace\backend\tests\Marketplace.Tests\bin\Release\net10.0\Marketplace.Tests.dll" adapterTypeName="executor://xunit/VsTestRunner3/netcore/" className="Marketplace.Tests.ApplicationReviewPurchaseVerificationTests" name="VerifiedProductOrderId_Returns_Latest_Eligible_Order_With_Product_Item" />
    </UnitTest>
    <UnitTest name="Marketplace.Tests.ContractReviewDtoSnapshotTests.Contract_ReviewDto_Snapshot_Matches" storage="c:\programing\projects\marketplace\backend\tests\marketplace.tests\bin\release\net10.0\marketplace.tests.dll" id="373c9c7d-4338-327d-2bf5-4322d884b3aa">
      <Execution id="2bec953c-20e5-471a-9909-e4b5fc10bfc5" />
      <TestMethod codeBase="C:\Programing\Projects\Marketplace\backend\tests\Marketplace.Tests\bin\Release\net10.0\Marketplace.Tests.dll" adapterTypeName="executor://xunit/VsTestRunner3/netcore/" className="Marketplace.Tests.ContractReviewDtoSnapshotTests" name="Contract_ReviewDto_Snapshot_Matches" />
    </UnitTest>
    <UnitTest name="Marketplace.Tests.SecurityRegressionTests.AdminReviews_ModerateProduct_Returns_Unauthorized_When_No_Sub_Claim" storage="c:\programing\projects\marketplace\backend\tests\marketplace.tests\bin\release\net10.0\marketplace.tests.dll" id="3bb6c028-15ed-aaab-9bae-7ab7fe3c7311">
      <Execution id="fa152e3d-60fe-4908-97d2-77f228553da1" />
      <TestMethod codeBase="C:\Programing\Projects\Marketplace\backend\tests\Marketplace.Tests\bin\Release\net10.0\Marketplace.Tests.dll" adapterTypeName="executor://xunit/VsTestRunner3/netcore/" className="Marketplace.Tests.SecurityRegressionTests" name="AdminReviews_ModerateProduct_Returns_Unauthorized_When_No_Sub_Claim" />
    </UnitTest>
    <UnitTest name="Marketplace.Tests.ApplicationReviewAccessServiceTests.ReplyAsCompany_Denies_Support_And_Logistics" storage="c:\programing\projects\marketplace\backend\tests\marketplace.tests\bin\release\net10.0\marketplace.tests.dll" id="92ac8ac8-ba6e-a0cd-a484-55f4186a68d6">
      <Execution id="2f0bb3c6-f385-42c0-af92-f16b8c005888" />
      <TestMethod codeBase="C:\Programing\Projects\Marketplace\backend\tests\Marketplace.Tests\bin\Release\net10.0\Marketplace.Tests.dll" adapterTypeName="executor://xunit/VsTestRunner3/netcore/" className="Marketplace.Tests.ApplicationReviewAccessServiceTests" name="ReplyAsCompany_Denies_Support_And_Logistics" />
    </UnitTest>
    <UnitTest name="Marketplace.Tests.ApiAdminReviewsControllerTests.ModerateProduct_Returns_Unauthorized_When_Sub_Missing" storage="c:\programing\projects\marketplace\backend\tests\marketplace.tests\bin\release\net10.0\marketplace.tests.dll" id="a7bc240f-5bbe-c235-8aee-e3933a5479b9">
      <Execution id="df10fd16-cc9b-4047-ae56-5d1a20cb4a38" />
      <TestMethod codeBase="C:\Programing\Projects\Marketplace\backend\tests\Marketplace.Tests\bin\Release\net10.0\Marketplace.Tests.dll" adapterTypeName="executor://xunit/VsTestRunner3/netcore/" className="Marketplace.Tests.ApiAdminReviewsControllerTests" name="ModerateProduct_Returns_Unauthorized_When_Sub_Missing" />
    </UnitTest>
    <UnitTest name="Marketplace.Tests.ContractApiRoutesSnapshotTests.Contract_Routes_Snapshot_Matches_Critical_Endpoints" storage="c:\programing\projects\marketplace\backend\tests\marketplace.tests\bin\release\net10.0\marketplace.tests.dll" id="9ed8f7c6-2cb8-be81-3f63-523e82d695c8">
      <Execution id="6e508a18-478d-412b-a034-194cef9991bd" />
      <TestMethod codeBase="C:\Programing\Projects\Marketplace\backend\tests\Marketplace.Tests\bin\Release\net10.0\Marketplace.Tests.dll" adapterTypeName="executor://xunit/VsTestRunner3/netcore/" className="Marketplace.Tests.ContractApiRoutesSnapshotTests" name="Contract_Routes_Snapshot_Matches_Critical_Endpoints" />
    </UnitTest>
    <UnitTest name="Marketplace.Tests.ApplicationReviewHandlersTests.ModerateProductReview_Returns_Forbidden_Without_Moderation_Access" storage="c:\programing\projects\marketplace\backend\tests\marketplace.tests\bin\release\net10.0\marketplace.tests.dll" id="31c35cbf-95b2-318f-0c1d-3bc20b0c915a">
      <Execution id="35060ddd-5d07-4eb5-80de-7bf856a0010f" />
      <TestMethod codeBase="C:\Programing\Projects\Marketplace\backend\tests\Marketplace.Tests\bin\Release\net10.0\Marketplace.Tests.dll" adapterTypeName="executor://xunit/VsTestRunner3/netcore/" className="Marketplace.Tests.ApplicationReviewHandlersTests" name="ModerateProductReview_Returns_Forbidden_Without_Moderation_Access" />
    </UnitTest>
    <UnitTest name="Marketplace.Tests.ApplicationReviewAccessServiceTests.ReplyAsCompany_Allows_Owner_Manager_Seller" storage="c:\programing\projects\marketplace\backend\tests\marketplace.tests\bin\release\net10.0\marketplace.tests.dll" id="638e3e91-d3c4-0f7e-5607-4f00e66a7746">
      <Execution id="beb0e1c2-bd74-4e81-b7c9-63b11f71273a" />
      <TestMethod codeBase="C:\Programing\Projects\Marketplace\backend\tests\Marketplace.Tests\bin\Release\net10.0\Marketplace.Tests.dll" adapterTypeName="executor://xunit/VsTestRunner3/netcore/" className="Marketplace.Tests.ApplicationReviewAccessServiceTests" name="ReplyAsCompany_Allows_Owner_Manager_Seller" />
    </UnitTest>
    <UnitTest name="Marketplace.Tests.ApplicationReviewAccessServiceTests.ReplyAsCompany_Denies_When_No_Membership" storage="c:\programing\projects\marketplace\backend\tests\marketplace.tests\bin\release\net10.0\marketplace.tests.dll" id="ba92e3d0-fb4c-a205-741a-178b7d4c0391">
      <Execution id="3896a895-a728-4985-95d5-0ef79adccdd4" />
      <TestMethod codeBase="C:\Programing\Projects\Marketplace\backend\tests\Marketplace.Tests\bin\Release\net10.0\Marketplace.Tests.dll" adapterTypeName="executor://xunit/VsTestRunner3/netcore/" className="Marketplace.Tests.ApplicationReviewAccessServiceTests" name="ReplyAsCompany_Denies_When_No_Membership" />
    </UnitTest>
  </TestDefinitions>
  <TestEntries>
    <TestEntry testId="d7394b23-8272-992e-394a-e57491a83fdb" executionId="92c8bfb2-97b5-4a51-a43a-6f94a27b810b" testListId="8c84fa94-04c1-424b-9868-57a2d4851a1d" />
    <TestEntry testId="31c35cbf-95b2-318f-0c1d-3bc20b0c915a" executionId="35060ddd-5d07-4eb5-80de-7bf856a0010f" testListId="8c84fa94-04c1-424b-9868-57a2d4851a1d" />
    <TestEntry testId="932436c5-54ed-28b4-cc2d-b826f7eda2d5" executionId="4117bd61-244b-4ee5-8207-ca7c7ff74a23" testListId="8c84fa94-04c1-424b-9868-57a2d4851a1d" />
    <TestEntry testId="4a6c18f0-ed01-d987-995f-e91a3f3b6194" executionId="c52c1a4d-d0de-44c9-89d2-0faa404c80a7" testListId="8c84fa94-04c1-424b-9868-57a2d4851a1d" />
    <TestEntry testId="0665ac46-b94c-26d5-5d71-42afb82aa933" executionId="3ed9c77f-55b8-4840-ac85-3b4480701545" testListId="8c84fa94-04c1-424b-9868-57a2d4851a1d" />
    <TestEntry testId="2221c750-331b-ca3c-d899-97d0a653b9cf" executionId="2d077a1e-b0e9-4f2f-9eab-30a0a6f90535" testListId="8c84fa94-04c1-424b-9868-57a2d4851a1d" />
    <TestEntry testId="e2c854ef-706d-f2b8-678d-08a2fce2376a" executionId="8fb74371-6db3-414e-8fce-d8ac9d782d98" testListId="8c84fa94-04c1-424b-9868-57a2d4851a1d" />
    <TestEntry testId="aca86972-8ea9-2074-c84e-43930538146d" executionId="8a4d63d8-3d5d-4de7-95e5-b10d00c9123a" testListId="8c84fa94-04c1-424b-9868-57a2d4851a1d" />
    <TestEntry testId="27a2f5f1-fcc6-dde9-64fa-6be37124be4b" executionId="37fadc5b-b6a4-4c07-bb37-6a504dd3a788" testListId="8c84fa94-04c1-424b-9868-57a2d4851a1d" />
    <TestEntry testId="1fb943ed-b1f5-2ba9-7243-8d7e99226cdb" executionId="0d07763d-249e-4022-ad0a-16a0467e14ed" testListId="8c84fa94-04c1-424b-9868-57a2d4851a1d" />
    <TestEntry testId="9f8605bb-3c32-401d-5432-417458b0ddb7" executionId="c3c381dd-093b-4b3a-9d39-426a7fcb9520" testListId="8c84fa94-04c1-424b-9868-57a2d4851a1d" />
    <TestEntry testId="01de47b9-c3d4-b75e-c936-5e4c953f84f0" executionId="0f7f824e-b1d3-42be-99ff-c307d20a74d3" testListId="8c84fa94-04c1-424b-9868-57a2d4851a1d" />
    <TestEntry testId="180dd862-fca8-3c3f-7f10-15b3306c80b9" executionId="aa8cb301-ce58-4ecf-9339-edb3d0a2dc61" testListId="8c84fa94-04c1-424b-9868-57a2d4851a1d" />
    <TestEntry testId="a7bc240f-5bbe-c235-8aee-e3933a5479b9" executionId="df10fd16-cc9b-4047-ae56-5d1a20cb4a38" testListId="8c84fa94-04c1-424b-9868-57a2d4851a1d" />
    <TestEntry testId="8c8ecc58-aef6-5594-800e-de33228fc095" executionId="0f3453d3-7dbd-478e-87cf-37dd6640e23e" testListId="8c84fa94-04c1-424b-9868-57a2d4851a1d" />
    <TestEntry testId="373c9c7d-4338-327d-2bf5-4322d884b3aa" executionId="2bec953c-20e5-471a-9909-e4b5fc10bfc5" testListId="8c84fa94-04c1-424b-9868-57a2d4851a1d" />
    <TestEntry testId="63101ce7-7e15-319c-021d-420e203d0395" executionId="7420dd94-8160-434d-89a5-d5f0ba0b543f" testListId="8c84fa94-04c1-424b-9868-57a2d4851a1d" />
    <TestEntry testId="7250634f-aec1-14fb-b2ee-0f9022194b8a" executionId="d3abe5a9-4b28-4fb0-8df7-11fee99e146c" testListId="8c84fa94-04c1-424b-9868-57a2d4851a1d" />
    <TestEntry testId="3b7f64b1-b90b-fb57-5dce-48a9f711d96b" executionId="113eb2e8-cd26-4bb6-a574-ed4a415a5cb6" testListId="8c84fa94-04c1-424b-9868-57a2d4851a1d" />
    <TestEntry testId="fce0c04b-e6fa-dfb2-5081-088f6c804d3f" executionId="a2cfebff-bedc-4ef5-9169-1b25b6ef762a" testListId="8c84fa94-04c1-424b-9868-57a2d4851a1d" />
    <TestEntry testId="15a64d44-7cfa-28c9-6435-b360d692f791" executionId="971f90ec-b2ad-4ab4-9c8d-c4ce363d8471" testListId="8c84fa94-04c1-424b-9868-57a2d4851a1d" />
    <TestEntry testId="a7436fb8-624c-d20d-befd-4212f4403b82" executionId="381aac43-d616-4ef5-9d77-7a8a3097bf68" testListId="8c84fa94-04c1-424b-9868-57a2d4851a1d" />
    <TestEntry testId="22f49eb3-02ce-b5ee-89a2-47ca16e27d56" executionId="ef0fc61c-e604-4866-8a17-ed43e7dc90ca" testListId="8c84fa94-04c1-424b-9868-57a2d4851a1d" />
    <TestEntry testId="9b6c80f5-a6c1-a49a-a67d-83c6abde173a" executionId="9728a88f-84ca-46a9-9b36-2bb9dc5e8922" testListId="8c84fa94-04c1-424b-9868-57a2d4851a1d" />
    <TestEntry testId="71a3ecec-45b2-af19-2427-348c67ecc58c" executionId="8d8d2969-83fb-40ca-a6c9-66fb296640e8" testListId="8c84fa94-04c1-424b-9868-57a2d4851a1d" />
    <TestEntry testId="62e59888-2c0f-d09b-0112-5ba03e2a9b76" executionId="be639e2d-2b8c-4127-baaf-b748c7d5fcaa" testListId="8c84fa94-04c1-424b-9868-57a2d4851a1d" />
    <TestEntry testId="9d0f9c68-9959-bb69-5cf5-2d3e3a219615" executionId="d2ff2588-98b0-4a03-b8a1-63e2557e6344" testListId="8c84fa94-04c1-424b-9868-57a2d4851a1d" />
    <TestEntry testId="357998ff-943f-31c7-2ef5-612fc3e17896" executionId="cba4a847-c6bb-4606-8619-93273c18a986" testListId="8c84fa94-04c1-424b-9868-57a2d4851a1d" />
    <TestEntry testId="ba92e3d0-fb4c-a205-741a-178b7d4c0391" executionId="3896a895-a728-4985-95d5-0ef79adccdd4" testListId="8c84fa94-04c1-424b-9868-57a2d4851a1d" />
    <TestEntry testId="92ac8ac8-ba6e-a0cd-a484-55f4186a68d6" executionId="2f0bb3c6-f385-42c0-af92-f16b8c005888" testListId="8c84fa94-04c1-424b-9868-57a2d4851a1d" />
    <TestEntry testId="638e3e91-d3c4-0f7e-5607-4f00e66a7746" executionId="beb0e1c2-bd74-4e81-b7c9-63b11f71273a" testListId="8c84fa94-04c1-424b-9868-57a2d4851a1d" />
    <TestEntry testId="3c3903dc-5950-6b5a-a07e-a72ef649c200" executionId="589099ee-7e4d-46f4-8bae-c97524413ad0" testListId="8c84fa94-04c1-424b-9868-57a2d4851a1d" />
    <TestEntry testId="4c36f3be-e48f-80a9-b0e0-f183ea4e69ff" executionId="7c5eb915-39ee-4e52-8b33-ac1d5a24b0ca" testListId="8c84fa94-04c1-424b-9868-57a2d4851a1d" />
    <TestEntry testId="3bb6c028-15ed-aaab-9bae-7ab7fe3c7311" executionId="fa152e3d-60fe-4908-97d2-77f228553da1" testListId="8c84fa94-04c1-424b-9868-57a2d4851a1d" />
    <TestEntry testId="9ed8f7c6-2cb8-be81-3f63-523e82d695c8" executionId="6e508a18-478d-412b-a034-194cef9991bd" testListId="8c84fa94-04c1-424b-9868-57a2d4851a1d" />
  </TestEntries>
  <TestLists>
    <TestList name="Results Not in a List" id="8c84fa94-04c1-424b-9868-57a2d4851a1d" />
    <TestList name="All Loaded Results" id="19431567-8539-422a-85d7-44ee4e166bda" />
  </TestLists>
  <ResultSummary outcome="Completed">
    <Counters total="35" executed="35" passed="35" failed="0" error="0" timeout="0" aborted="0" inconclusive="0" passedButRunAborted="0" notRunnable="0" notExecuted="0" disconnected="0" warning="0" completed="0" inProgress="0" pending="0" />
    <Output>
      <StdOut>[xUnit.net 00:00:00.00] xUnit.net VSTest Adapter v3.1.4+50e68bbb8b (64-bit .NET 10.0.7)&#xD;
[xUnit.net 00:00:00.12]   Discovering: Marketplace.Tests&#xD;
[xUnit.net 00:00:00.18]   Discovered:  Marketplace.Tests&#xD;
[xUnit.net 00:00:00.20]   Starting:    Marketplace.Tests&#xD;
[xUnit.net 00:00:01.65]   Finished:    Marketplace.Tests&#xD;
</StdOut>
    </Output>
  </ResultSummary>
</TestRun>